  Lab3.cpp
E:\Университет\Гит\Основы алгоритмизации и программирования\Lab3\Lab3\Lab3\Lab3.cpp(110,25): warning C4244: инициализация: преобразование "int" в "float", возможна потеря данных
E:\Университет\Гит\Основы алгоритмизации и программирования\Lab3\Lab3\Lab3\Lab3.cpp(111,30): warning C4244: инициализация: преобразование "float" в "unsigned int", возможна потеря данных
E:\Университет\Гит\Основы алгоритмизации и программирования\Lab3\Lab3\Lab3\Lab3.cpp(116,28): warning C4244: =: преобразование "float" в "int", возможна потеря данных
E:\Университет\Гит\Основы алгоритмизации и программирования\Lab3\Lab3\Lab3\Lab3.cpp(117,28): warning C4244: =: преобразование "float" в "int", возможна потеря данных
E:\Университет\Гит\Основы алгоритмизации и программирования\Lab3\Lab3\Lab3\Lab3.cpp(134,29): warning C4244: инициализация: преобразование "int" в "float", возможна потеря данных
E:\Университет\Гит\Основы алгоритмизации и программирования\Lab3\Lab3\Lab3\Lab3.cpp(135,34): warning C4244: инициализация: преобразование "float" в "unsigned int", возможна потеря данных
E:\Университет\Гит\Основы алгоритмизации и программирования\Lab3\Lab3\Lab3\Lab3.cpp(142,36): warning C4244: =: преобразование "float" в "int", возможна потеря данных
E:\Университет\Гит\Основы алгоритмизации и программирования\Lab3\Lab3\Lab3\Lab3.cpp(143,36): warning C4244: =: преобразование "float" в "int", возможна потеря данных
E:\Университет\Гит\Основы алгоритмизации и программирования\Lab3\Lab3\Lab3\Lab3.cpp(148,79): warning C4244: аргумент: преобразование "float" в "int", возможна потеря данных
E:\Университет\Гит\Основы алгоритмизации и программирования\Lab3\Lab3\Lab3\Lab3.cpp(148,59): warning C4244: аргумент: преобразование "float" в "int", возможна потеря данных
E:\Университет\Гит\Основы алгоритмизации и программирования\Lab3\Lab3\Lab3\Lab3.cpp(160,29): warning C4244: инициализация: преобразование "int" в "float", возможна потеря данных
E:\Университет\Гит\Основы алгоритмизации и программирования\Lab3\Lab3\Lab3\Lab3.cpp(161,34): warning C4244: инициализация: преобразование "float" в "unsigned int", возможна потеря данных
E:\Университет\Гит\Основы алгоритмизации и программирования\Lab3\Lab3\Lab3\Lab3.cpp(168,36): warning C4244: =: преобразование "float" в "int", возможна потеря данных
E:\Университет\Гит\Основы алгоритмизации и программирования\Lab3\Lab3\Lab3\Lab3.cpp(169,36): warning C4244: =: преобразование "float" в "int", возможна потеря данных
E:\Университет\Гит\Основы алгоритмизации и программирования\Lab3\Lab3\Lab3\Lab3.cpp(175,79): warning C4244: аргумент: преобразование "float" в "int", возможна потеря данных
E:\Университет\Гит\Основы алгоритмизации и программирования\Lab3\Lab3\Lab3\Lab3.cpp(175,59): warning C4244: аргумент: преобразование "float" в "int", возможна потеря данных
E:\Университет\Гит\Основы алгоритмизации и программирования\Lab3\Lab3\Lab3\Lab3.cpp(211,47): warning C4244: аргумент: преобразование "float" в "int", возможна потеря данных
E:\Университет\Гит\Основы алгоритмизации и программирования\Lab3\Lab3\Lab3\Lab3.cpp(211,33): warning C4244: аргумент: преобразование "double" в "int", возможна потеря данных
  Lab3.vcxproj -> E:\Университет\Гит\Основы алгоритмизации и программирования\Lab3\Lab3\Debug\Lab3.exe
